Using pre-set license
Built from '2020.3/staging' branch; Version is '2020.3.24f1 (79c78de19888) revision 7980941'; Using compiler version '192528614'; Build Type 'Release'
OS: 'Windows 10  (10.0.19042) 64bit Core' Language: 'fr' Physical Memory: 16309 MB
BatchMode: 1, IsHumanControllingUs: 0, StartBugReporterOnCrash: 0, Is64bit: 1, IsPro: 0

COMMAND LINE ARGUMENTS:
D:\Holberton_year_2\Unity\hub\2020.3.24f1\Editor\Unity.exe
-adb2
-batchMode
-noUpm
-name
AssetImportWorker0
-projectPath
D:/Holberton_year_2/holbertonschool-unity/0x02-unity-scripting
-logFile
Logs/AssetImportWorker0.log
-srvPort
58223
Successfully changed project path to: D:/Holberton_year_2/holbertonschool-unity/0x02-unity-scripting
D:/Holberton_year_2/holbertonschool-unity/0x02-unity-scripting
Using Asset Import Pipeline V2.
Refreshing native plugins compatible for Editor in 51.55 ms, found 0 plugins.
Preloading 0 native plugins for Editor in 0.00 ms.
Initialize engine version: 2020.3.24f1 (79c78de19888)
[Subsystems] Discovering subsystems at path D:/Holberton_year_2/Unity/hub/2020.3.24f1/Editor/Data/Resources/UnitySubsystems
[Subsystems] Discovering subsystems at path D:/Holberton_year_2/holbertonschool-unity/0x02-unity-scripting/Assets
GfxDevice: creating device client; threaded=0
Direct3D:
    Version:  Direct3D 11.0 [level 11.1]
    Renderer: NVIDIA GeForce GTX 980 (ID=0x13c0)
    Vendor:   
    VRAM:     4053 MB
    Driver:   30.0.14.9676
Initialize mono
Mono path[0] = 'D:/Holberton_year_2/Unity/hub/2020.3.24f1/Editor/Data/Managed'
Mono path[1] = 'D:/Holberton_year_2/Unity/hub/2020.3.24f1/Editor/Data/MonoBleedingEdge/lib/mono/unityjit'
Mono config path = 'D:/Holberton_year_2/Unity/hub/2020.3.24f1/Editor/Data/MonoBleedingEdge/etc'
Using monoOptions --debugger-agent=transport=dt_socket,embedding=1,server=y,suspend=n,address=127.0.0.1:56380
Begin MonoManager ReloadAssembly
Registering precompiled unity dll's ...
Register platform support module: D:/Holberton_year_2/Unity/hub/2020.3.24f1/Editor/Data/PlaybackEngines/WindowsStandaloneSupport/UnityEditor.WindowsStandalone.Extensions.dll
Registered in 0.004494 seconds.
Native extension for WindowsStandalone target not found
Refreshing native plugins compatible for Editor in 32.52 ms, found 0 plugins.
Preloading 0 native plugins for Editor in 0.00 ms.
Mono: successfully reloaded assembly
- Completed reload, in  0.633 seconds
Domain Reload Profiling:
	ReloadAssembly (634ms)
		BeginReloadAssembly (77ms)
			ExecutionOrderSort (0ms)
			DisableScriptedObjects (0ms)
			BackupInstance (0ms)
			ReleaseScriptingObjects (0ms)
			CreateAndSetChildDomain (1ms)
		EndReloadAssembly (465ms)
			LoadAssemblies (72ms)
			RebuildTransferFunctionScriptingTraits (0ms)
			SetupTypeCache (156ms)
			ReleaseScriptCaches (0ms)
			RebuildScriptCaches (35ms)
			SetupLoadedEditorAssemblies (166ms)
				LogAssemblyErrors (0ms)
				InitializePlatformSupportModulesInManaged (4ms)
				SetLoadedEditorAssemblies (0ms)
				RefreshPlugins (33ms)
				BeforeProcessingInitializeOnLoad (14ms)
				ProcessInitializeOnLoadAttributes (86ms)
				ProcessInitializeOnLoadMethodAttributes (28ms)
				AfterProcessingInitializeOnLoad (0ms)
				EditorAssembliesLoaded (0ms)
			ExecutionOrderSort2 (0ms)
			AwakeInstancesAfterBackupRestoration (0ms)
Platform modules already initialized, skipping
Registering precompiled user dll's ...
Registered in 0.003191 seconds.
Begin MonoManager ReloadAssembly
Native extension for WindowsStandalone target not found
Refreshing native plugins compatible for Editor in 0.42 ms, found 0 plugins.
Preloading 0 native plugins for Editor in 0.00 ms.
Mono: successfully reloaded assembly
- Completed reload, in  1.004 seconds
Domain Reload Profiling:
	ReloadAssembly (1006ms)
		BeginReloadAssembly (173ms)
			ExecutionOrderSort (0ms)
			DisableScriptedObjects (5ms)
			BackupInstance (0ms)
			ReleaseScriptingObjects (0ms)
			CreateAndSetChildDomain (19ms)
		EndReloadAssembly (755ms)
			LoadAssemblies (117ms)
			RebuildTransferFunctionScriptingTraits (0ms)
			SetupTypeCache (198ms)
			ReleaseScriptCaches (0ms)
			RebuildScriptCaches (44ms)
			SetupLoadedEditorAssemblies (296ms)
				LogAssemblyErrors (0ms)
				InitializePlatformSupportModulesInManaged (6ms)
				SetLoadedEditorAssemblies (0ms)
				RefreshPlugins (0ms)
				BeforeProcessingInitializeOnLoad (107ms)
				ProcessInitializeOnLoadAttributes (127ms)
				ProcessInitializeOnLoadMethodAttributes (41ms)
				AfterProcessingInitializeOnLoad (14ms)
				EditorAssembliesLoaded (0ms)
			ExecutionOrderSort2 (0ms)
			AwakeInstancesAfterBackupRestoration (7ms)
Platform modules already initialized, skipping
========================================================================
Worker process is ready to serve import requests
Launched and connected shader compiler UnityShaderCompiler.exe after 0.08 seconds
Refreshing native plugins compatible for Editor in 0.44 ms, found 0 plugins.
Preloading 0 native plugins for Editor in 0.00 ms.
Unloading 1024 Unused Serialized files (Serialized files now loaded: 0)
System memory in use before: 54.4 MB.
System memory in use after: 54.4 MB.

Unloading 41 unused Assets to reduce memory usage. Loaded Objects now: 1435.
Total: 5.963400 ms (FindLiveObjects: 0.119100 ms CreateObjectMapping: 0.027500 ms MarkObjects: 5.708800 ms  DeleteObjects: 0.106800 ms)

AssetImportParameters requested are different than current active one (requested -> active):
  custom:framework-win-MediaFoundation: 216162199b28c13a410421893ffa2e32 -> 
  custom:video-decoder-ogg-theora: a1e56fd34408186e4bbccfd4996cb3dc -> 
  custom:container-muxer-webm: aa71ff27fc2769a1b78a27578f13a17b -> 
  custom:container-demuxer-webm: 4f35f7cbe854078d1ac9338744f61a02 -> 
  custom:container-demuxer-ogg: 62fdf1f143b41e24485cea50d1cbac27 -> 
  custom:video-encoder-webm-vp8: eb34c28f22e8b96e1ab97ce403110664 -> 
  custom:video-decoder-webm-vp8: 9c59270c3fd7afecdb556c50c9e8de78 -> 
  custom:audio-decoder-ogg-vorbis: bf7c407c2cedff20999df2af8eb42d56 -> 
  custom:audio-encoder-webm-vorbis: bf7c407c2cedff20999df2af8eb42d56 -> 
========================================================================
Received Import Request.
  path: Assets/Materials/player.mat
  artifactKey: Guid(1562b64ab65f434438875c04a75135ee) Importer(815301076,1909f56bfc062723c751e8b465ee728b)
Start importing Assets/Materials/player.mat using Guid(1562b64ab65f434438875c04a75135ee) Importer(815301076,1909f56bfc062723c751e8b465ee728b)  -> (artifact id: 'fb9ff59f12e738d8ba14e769140df103') in 0.133857 seconds 
  Import took 0.135628 seconds .

========================================================================
Received Import Request.
  Time since last request: 0.000367 seconds.
  path: Assets/Materials/coin.mat
  artifactKey: Guid(fa15b7d1fd73aa448bc54cc3269bcf16) Importer(815301076,1909f56bfc062723c751e8b465ee728b)
Start importing Assets/Materials/coin.mat using Guid(fa15b7d1fd73aa448bc54cc3269bcf16) Importer(815301076,1909f56bfc062723c751e8b465ee728b)  -> (artifact id: '1c794224235da7905aaa84e1809e9a51') in 0.019426 seconds 
  Import took 0.021234 seconds .

========================================================================
Received Import Request.
  Time since last request: 0.000307 seconds.
  path: Assets/Materials/goal.mat
  artifactKey: Guid(53bd849be8e8fcf42b9698f219c0add0) Importer(815301076,1909f56bfc062723c751e8b465ee728b)
Start importing Assets/Materials/goal.mat using Guid(53bd849be8e8fcf42b9698f219c0add0) Importer(815301076,1909f56bfc062723c751e8b465ee728b)  -> (artifact id: '6c2f1510042c1631c3451b9c539cfd66') in 0.015589 seconds 
  Import took 0.017957 seconds .

========================================================================
Received Import Request.
  Time since last request: 0.000318 seconds.
  path: Assets/Materials/trap.mat
  artifactKey: Guid(fc28c597abb0e2c4cb27b5e972afd6c5) Importer(815301076,1909f56bfc062723c751e8b465ee728b)
Start importing Assets/Materials/trap.mat using Guid(fc28c597abb0e2c4cb27b5e972afd6c5) Importer(815301076,1909f56bfc062723c751e8b465ee728b)  -> (artifact id: 'a3f0d8e0ea61ee49def78c5b31c14239') in 0.015236 seconds 
  Import took 0.017243 seconds .

========================================================================
Received Import Request.
  Time since last request: 2.082199 seconds.
  path: Assets/Prefabs
  artifactKey: Guid(7649776de2aa913449fe73ef3392e23f) Importer(815301076,1909f56bfc062723c751e8b465ee728b)
Start importing Assets/Prefabs using Guid(7649776de2aa913449fe73ef3392e23f) Importer(815301076,1909f56bfc062723c751e8b465ee728b)  -> (artifact id: '7292baf3cfe3ffe92fccd1a9344c9b21') in 0.006450 seconds 
  Import took 0.008255 seconds .

========================================================================
Received Import Request.
  Time since last request: 0.051898 seconds.
  path: Assets/Prefabs/Coin.prefab
  artifactKey: Guid(e5f1bab421da33e4ca453b6fe03b79f1) Importer(815301076,1909f56bfc062723c751e8b465ee728b)
Start importing Assets/Prefabs/Coin.prefab using Guid(e5f1bab421da33e4ca453b6fe03b79f1) Importer(815301076,1909f56bfc062723c751e8b465ee728b)  -> (artifact id: '583ed89e1b09df0bd4bf3c7bc33499d9') in 0.087066 seconds 
  Import took 0.088979 seconds .

========================================================================
Received Import Request.
  Time since last request: 0.000324 seconds.
  path: Assets/Prefabs/Trap.prefab
  artifactKey: Guid(1c1659af17dd21e4983ba98e0f446364) Importer(815301076,1909f56bfc062723c751e8b465ee728b)
Start importing Assets/Prefabs/Trap.prefab using Guid(1c1659af17dd21e4983ba98e0f446364) Importer(815301076,1909f56bfc062723c751e8b465ee728b)  -> (artifact id: '44041a2c5eccc5848afebd44676b1c92') in 0.017731 seconds 
  Import took 0.019545 seconds .

========================================================================
Received Import Request.
  Time since last request: 1.320871 seconds.
  path: Assets/Resources
  artifactKey: Guid(62c20c9ca2179aa479266edcc0c05943) Importer(815301076,1909f56bfc062723c751e8b465ee728b)
Start importing Assets/Resources using Guid(62c20c9ca2179aa479266edcc0c05943) Importer(815301076,1909f56bfc062723c751e8b465ee728b)  -> (artifact id: '9e8e0cfbd50a9a91398c8bdc6ee5b656') in 0.007286 seconds 
  Import took 0.009276 seconds .

========================================================================
Received Import Request.
  Time since last request: 1.644073 seconds.
  path: Assets/Scenes
  artifactKey: Guid(4ca37c73603c3f5469e80d29e90caa84) Importer(815301076,1909f56bfc062723c751e8b465ee728b)
Start importing Assets/Scenes using Guid(4ca37c73603c3f5469e80d29e90caa84) Importer(815301076,1909f56bfc062723c751e8b465ee728b)  -> (artifact id: '51f35515cfd03691e617a466d1e2e5c3') in 0.007233 seconds 
  Import took 0.008930 seconds .

========================================================================
Received Import Request.
  Time since last request: 2.485292 seconds.
  path: Assets/Scenes/maze.unity
  artifactKey: Guid(90e0410ef64dca34bab9040a45a08f7b) Importer(815301076,1909f56bfc062723c751e8b465ee728b)
Start importing Assets/Scenes/maze.unity using Guid(90e0410ef64dca34bab9040a45a08f7b) Importer(815301076,1909f56bfc062723c751e8b465ee728b)  -> (artifact id: '2ab3469df346798ca8789660c2cba534') in 0.007225 seconds 
  Import took 0.009512 seconds .

========================================================================
Received Import Request.
  Time since last request: 3.479234 seconds.
  path: Assets/maze.unity
  artifactKey: Guid(28ea0af1fedd08648a0e2244231fdf54) Importer(815301076,1909f56bfc062723c751e8b465ee728b)
Start importing Assets/maze.unity using Guid(28ea0af1fedd08648a0e2244231fdf54) Importer(815301076,1909f56bfc062723c751e8b465ee728b)  -> (artifact id: '0f845a9a18c94dea5bba8b0aacecd156') in 0.003332 seconds 
  Import took 0.005127 seconds .

